C:\Program Files (x86)\Microsoft Visual Studio\2017\Community\Common7\IDE\VC\VCTargets\Microsoft.CppBuild.targets(387,5): warning MSB8028: The intermediate directory (Debug\) contains files shared from another project (Project2.vcxproj).  This can lead to incorrect clean and rebuild behavior.
  Project3.c
c:\users\sheng\desktop\project3\project2\project3.c(20): warning C4305: 'initializing': truncation from 'double' to 'float'
c:\users\sheng\desktop\project3\project2\project3.c(21): warning C4305: 'initializing': truncation from 'double' to 'float'
c:\users\sheng\desktop\project3\project2\project3.c(22): warning C4305: 'initializing': truncation from 'double' to 'float'
c:\users\sheng\desktop\project3\project2\project3.c(23): warning C4305: 'initializing': truncation from 'double' to 'float'
c:\users\sheng\desktop\project3\project2\project3.c(24): warning C4305: 'initializing': truncation from 'double' to 'float'
c:\users\sheng\desktop\project3\project2\project3.c(25): warning C4305: 'initializing': truncation from 'double' to 'float'
c:\users\sheng\desktop\project3\project2\project3.c(75): warning C4101: 'num': unreferenced local variable
c:\users\sheng\desktop\project3\project2\project3.c(107): warning C4101: 'num': unreferenced local variable
c:\users\sheng\desktop\project3\project2\project3.c(214): warning C4244: '=': conversion from 'double' to 'float', possible loss of data
c:\users\sheng\desktop\project3\project2\project3.c(275): warning C4244: 'initializing': conversion from 'double' to 'float', possible loss of data
c:\users\sheng\desktop\project3\project2\project3.c(402): warning C4305: 'initializing': truncation from 'double' to 'GLfloat'
c:\users\sheng\desktop\project3\project2\project3.c(540): warning C4244: '=': conversion from 'double' to 'float', possible loss of data
c:\users\sheng\desktop\project3\project2\project3.c(547): warning C4244: '=': conversion from 'double' to 'float', possible loss of data
c:\users\sheng\desktop\project3\project2\project3.c(517): warning C4101: 'Up': unreferenced local variable
c:\users\sheng\desktop\project3\project2\project3.c(516): warning C4101: 'PT': unreferenced local variable
c:\users\sheng\desktop\project3\project2\project3.c(837): warning C4305: '-=': truncation from 'double' to 'GLfloat'
c:\users\sheng\desktop\project3\project2\project3.c(840): warning C4305: '-=': truncation from 'double' to 'GLfloat'
c:\users\sheng\desktop\project3\project2\project3.c(843): warning C4305: '-=': truncation from 'double' to 'GLfloat'
c:\users\sheng\desktop\project3\project2\project3.c(846): warning C4305: '-=': truncation from 'double' to 'GLfloat'
c:\users\sheng\desktop\project3\project2\project3.c(854): warning C4305: '-=': truncation from 'double' to 'GLfloat'
c:\users\sheng\desktop\project3\project2\project3.c(857): warning C4305: '-=': truncation from 'double' to 'GLfloat'
c:\users\sheng\desktop\project3\project2\project3.c(860): warning C4305: '-=': truncation from 'double' to 'GLfloat'
c:\users\sheng\desktop\project3\project2\project3.c(863): warning C4305: '-=': truncation from 'double' to 'GLfloat'
c:\users\sheng\desktop\project3\project2\project3.c(874): warning C4305: '+=': truncation from 'double' to 'GLfloat'
c:\users\sheng\desktop\project3\project2\project3.c(877): warning C4305: '+=': truncation from 'double' to 'GLfloat'
c:\users\sheng\desktop\project3\project2\project3.c(880): warning C4305: '+=': truncation from 'double' to 'GLfloat'
c:\users\sheng\desktop\project3\project2\project3.c(883): warning C4305: '+=': truncation from 'double' to 'GLfloat'
c:\users\sheng\desktop\project3\project2\project3.c(891): warning C4305: '+=': truncation from 'double' to 'GLfloat'
c:\users\sheng\desktop\project3\project2\project3.c(894): warning C4305: '+=': truncation from 'double' to 'GLfloat'
c:\users\sheng\desktop\project3\project2\project3.c(897): warning C4305: '+=': truncation from 'double' to 'GLfloat'
c:\users\sheng\desktop\project3\project2\project3.c(900): warning C4305: '+=': truncation from 'double' to 'GLfloat'
c:\users\sheng\desktop\project3\project2\project3.c(911): warning C4305: '-=': truncation from 'double' to 'GLfloat'
c:\users\sheng\desktop\project3\project2\project3.c(914): warning C4305: '-=': truncation from 'double' to 'GLfloat'
c:\users\sheng\desktop\project3\project2\project3.c(917): warning C4305: '-=': truncation from 'double' to 'GLfloat'
c:\users\sheng\desktop\project3\project2\project3.c(920): warning C4305: '-=': truncation from 'double' to 'GLfloat'
c:\users\sheng\desktop\project3\project2\project3.c(927): warning C4305: '-=': truncation from 'double' to 'GLfloat'
c:\users\sheng\desktop\project3\project2\project3.c(930): warning C4305: '-=': truncation from 'double' to 'GLfloat'
c:\users\sheng\desktop\project3\project2\project3.c(933): warning C4305: '-=': truncation from 'double' to 'GLfloat'
c:\users\sheng\desktop\project3\project2\project3.c(936): warning C4305: '-=': truncation from 'double' to 'GLfloat'
c:\users\sheng\desktop\project3\project2\project3.c(947): warning C4305: '+=': truncation from 'double' to 'GLfloat'
c:\users\sheng\desktop\project3\project2\project3.c(950): warning C4305: '+=': truncation from 'double' to 'GLfloat'
c:\users\sheng\desktop\project3\project2\project3.c(953): warning C4305: '+=': truncation from 'double' to 'GLfloat'
c:\users\sheng\desktop\project3\project2\project3.c(956): warning C4305: '+=': truncation from 'double' to 'GLfloat'
c:\users\sheng\desktop\project3\project2\project3.c(965): warning C4305: '+=': truncation from 'double' to 'GLfloat'
c:\users\sheng\desktop\project3\project2\project3.c(968): warning C4305: '+=': truncation from 'double' to 'GLfloat'
c:\users\sheng\desktop\project3\project2\project3.c(971): warning C4305: '+=': truncation from 'double' to 'GLfloat'
c:\users\sheng\desktop\project3\project2\project3.c(974): warning C4305: '+=': truncation from 'double' to 'GLfloat'
c:\users\sheng\desktop\project3\project2\project3.c(677): warning C4305: 'initializing': truncation from 'double' to 'float'
c:\users\sheng\desktop\project3\project2\project3.c(989): warning C4305: '-=': truncation from 'double' to 'float'
c:\users\sheng\desktop\project3\project2\project3.c(993): warning C4305: '+=': truncation from 'double' to 'float'
c:\users\sheng\desktop\project3\project2\project3.c(999): warning C4305: '-=': truncation from 'double' to 'float'
c:\users\sheng\desktop\project3\project2\project3.c(1003): warning C4305: '+=': truncation from 'double' to 'float'
c:\users\sheng\desktop\project3\project2\project3.c(1062): warning C4047: 'function': 'GLuint *' differs in levels of indirection from 'GLuint (*)[2]'
c:\users\sheng\desktop\project3\project2\project3.c(1062): warning C4024: '__glewGenBuffers': different types for formal and actual parameter 2
c:\users\sheng\desktop\project3\project2\project3.c(1063): warning C4047: 'function': 'GLuint *' differs in levels of indirection from 'GLuint (*)[2]'
c:\users\sheng\desktop\project3\project2\project3.c(1063): warning C4024: '__glewGenBuffers': different types for formal and actual parameter 2
c:\users\sheng\desktop\project3\project2\project3.c(1064): warning C4047: 'function': 'GLuint *' differs in levels of indirection from 'GLuint (*)[2]'
c:\users\sheng\desktop\project3\project2\project3.c(1064): warning C4024: '__glewGenBuffers': different types for formal and actual parameter 2
c:\users\sheng\desktop\project3\project2\project3.c(1325): warning C4113: 'void (__cdecl *)()' differs in parameter lists from 'void (__cdecl *)(void)'
c:\users\sheng\desktop\project3\project2\project3.c(99): warning C4716: 'readForShader': must return a value
c:\users\sheng\desktop\project3\project2\project3.c(192): warning C4715: 'readdata': not all control paths return a value
  Project2.vcxproj -> C:\Users\Sheng\Desktop\Project3\Debug\Project3.exe
